<?xml version="1.0" encoding="UTF-8"?>
<testsuite name="com.capgemini.test.AccountTest" tests="2" skipped="0" failures="0" errors="0" timestamp="2018-01-31T09:00:40" hostname="DIN55001194" time="0.128">
  <properties/>
  <testcase name="whenTheAmountIsLessThan500ItShouldThrowException" classname="com.capgemini.test.AccountTest" time="0.111"/>
  <testcase name="whenTheValidInfoIsPassedAccountObjectShouldBeCreatedSuccessfully" classname="com.capgemini.test.AccountTest" time="0.016"/>
  <system-out><![CDATA[]]></system-out>
  <system-err><![CDATA[]]></system-err>
</testsuite>
